<?xml version="1.0" encoding="UTF-8"?>
<!-- Generated by org.testng.reporters.JUnitReportReporter -->
<testsuite hostname="deafeat_defeat" failures="0" tests="1" name="com.infy.testcases.LoginTest" time="5.078" errors="0" timestamp="01 Nov 2024 18:50:43 GMT" skipped="0">
  <testcase classname="com.infy.testcases.LoginTest" name="loginAsBankManager" time="5.078"/>
</testsuite> <!-- com.infy.testcases.LoginTest -->
