<?xml version="1.0" encoding="UTF-8"?>
<!-- Generated by org.testng.reporters.JUnitReportReporter -->
<testsuite hostname="deafeat_defeat" failures="0" tests="1" name="com.infy.testcases.BankManagerLoginTest" time="1.119" errors="0" timestamp="03 Nov 2024 17:25:49 GMT" skipped="0">
  <testcase classname="com.infy.testcases.BankManagerLoginTest" name="loginAsBankManager" time="1.119"/>
</testsuite> <!-- com.infy.testcases.BankManagerLoginTest -->
