<?xml version="1.0" encoding="UTF-8"?>
<!-- Generated by org.testng.reporters.JUnitReportReporter -->
<testsuite hostname="deafeat_defeat" failures="0" tests="1" name="com.infy.testcases.AddCustomer" time="0.467" errors="0" timestamp="03 Nov 2024 17:25:49 GMT" skipped="0">
  <testcase classname="com.infy.testcases.AddCustomer" name="addCustomer" time="0.467"/>
</testsuite> <!-- com.infy.testcases.AddCustomer -->
