<?xml version="1.0" encoding="UTF-8"?>
<!-- Generated by org.testng.reporters.JUnitReportReporter -->
<testsuite hostname="deafeat_defeat" failures="0" tests="1" name="com.infy.testcases.AddCustomer" time="0.567" errors="0" timestamp="07 Nov 2024 06:58:13 GMT" skipped="0">
  <testcase classname="com.infy.testcases.AddCustomer" name="addCustomer" time="0.567"/>
</testsuite> <!-- com.infy.testcases.AddCustomer -->
